<?xml version="1.0" encoding="UTF-8"?>
<!-- Generated by org.testng.reporters.JUnitXMLReporter -->
<testsuite hostname="areddy-mn3" name="Default test" tests="3" failures="0" timestamp="28 Mar 2016 09:45:16 GMT" time="68.985" errors="0">
  <testcase name="testInValidCredentials" time="51.063" classname="com.servicenow.Tests.verifyLoginFunctionality"/>
  <testcase name="testValidCredentials" time="11.278" classname="com.servicenow.Tests.verifyLoginFunctionality"/>
  <testcase name="testRegisterNewUser" time="0.968" classname="com.servicenow.Tests.verifyLoginFunctionality"/>
</testsuite> <!-- Default test -->
