<?xml version="1.0" encoding="UTF-8"?>
<!-- Generated by org.testng.reporters.JUnitXMLReporter -->
<testsuite hostname="areddy-mn3" name="ServiceNow Tests" tests="13" failures="0" timestamp="28 Mar 2016 09:50:28 GMT" time="222.954" errors="0">
  <testcase name="testInValidCredentials" time="50.974" classname="com.servicenow.Tests.verifyLoginFunctionality"/>
  <testcase name="testValidCredentials" time="11.281" classname="com.servicenow.Tests.verifyLoginFunctionality"/>
  <testcase name="testRegisterNewUser" time="0.956" classname="com.servicenow.Tests.verifyLoginFunctionality"/>
  <testcase name="testCreateANewBranchAndVerify" time="14.294" classname="com.servicenow.Tests.verifyCreateSearchEditDeleteBranchFuntionality"/>
  <testcase name="testSearchABranchWithBranchName" time="11.563" classname="com.servicenow.Tests.verifyCreateSearchEditDeleteBranchFuntionality"/>
  <testcase name="testSearchABranchWithBranchCode" time="11.781" classname="com.servicenow.Tests.verifyCreateSearchEditDeleteBranchFuntionality"/>
  <testcase name="testEditABranch" time="13.143" classname="com.servicenow.Tests.verifyCreateSearchEditDeleteBranchFuntionality"/>
  <testcase name="testDeleteABranch" time="17.36" classname="com.servicenow.Tests.verifyCreateSearchEditDeleteBranchFuntionality"/>
  <testcase name="testCreateANewStaffAndVerify" time="14.231" classname="com.servicenow.Tests.verifyCreateSearchEditDeleteStaffFuntionality"/>
  <testcase name="testSearchAStaffWithStaffName" time="11.645" classname="com.servicenow.Tests.verifyCreateSearchEditDeleteStaffFuntionality"/>
  <testcase name="testSearchAStaffWithStaffRelatedBranchName" time="11.768" classname="com.servicenow.Tests.verifyCreateSearchEditDeleteStaffFuntionality"/>
  <testcase name="testEditAStaff" time="13.097" classname="com.servicenow.Tests.verifyCreateSearchEditDeleteStaffFuntionality"/>
  <testcase name="testDeleteAStaff" time="17.342" classname="com.servicenow.Tests.verifyCreateSearchEditDeleteStaffFuntionality"/>
</testsuite> <!-- ServiceNow Tests -->
